2017-06-08 18:23:55,856: Tracking: tracking
2017-06-08 18:23:55,857: Sending event: {'category': 'dbt', 'action': 'invocation', 'label': 'start', 'context': [<snowplow_tracker.self_describing_json.SelfDescribingJson object at 0x110a26d30>, <snowplow_tracker.self_describing_json.SelfDescribingJson object at 0x110a26860>, <snowplow_tracker.self_describing_json.SelfDescribingJson object at 0x110a26710>]}
2017-06-08 18:23:56,608: Loading dependency project from /usr/local/Cellar/dbt/0.8.0/libexec/lib/python3.6/site-packages/dbt/include
2017-06-08 18:23:56,649: Loading dependency project from /Users/Andres/Documents/dbt/Sources/shipstation/dbt_modules
2017-06-08 18:23:56,652: Parsing materializations/incremental.sql
2017-06-08 18:23:56,670: Parsing materializations/table.sql
2017-06-08 18:23:56,681: Parsing materializations/view.sql
2017-06-08 18:23:56,687: Parsing materializations/wrapper.sql
2017-06-08 18:23:56,691: Parsing schema_tests/accepted_values.sql
2017-06-08 18:23:56,695: Parsing schema_tests/not_null.sql
2017-06-08 18:23:56,697: Parsing schema_tests/relationships.sql
2017-06-08 18:23:56,699: Parsing schema_tests/unique.sql
2017-06-08 18:23:56,709: Parsing model.shipstation.file_shipments_aggregates
2017-06-08 18:23:56,711: Parsing model.shipstation.webhook_shipments_aggregates
2017-06-08 18:23:56,712: Parsing model.shipstation.file_shipments
2017-06-08 18:23:56,713: Parsing model.shipstation.file_shipments_items
2017-06-08 18:23:56,713: Parsing model.shipstation.webhook_shipments
2017-06-08 18:23:56,714: Parsing model.shipstation.webhook_shipments_items
2017-06-08 18:23:56,715: Parsing model.shipstation.shipments
2017-06-08 18:23:56,717: Parsing model.shipstation.shipments_items
2017-06-08 18:23:56,719: Parsing model.shipstation.shopify_shipments_aggregate
2017-06-08 18:23:56,720: Parsing model.shipstation.shopify_shipments_items_aggregate
2017-06-08 18:23:56,732: Compiled 10 models, 0 tests, 0 archives, 0 analyses, 9 macros
2017-06-08 18:23:56,734: Acquiring new redshift connection "master".
2017-06-08 18:23:56,734: Opening a new connection (0 currently allocated)
2017-06-08 18:23:56,972: Using redshift connection "master".
2017-06-08 18:23:56,972: On master: BEGIN
2017-06-08 18:23:57,005: SQL status: BEGIN in 0.03 seconds
2017-06-08 18:23:57,005: Creating schema "dbt_arecalde".
2017-06-08 18:23:57,005: Using redshift connection "master".
2017-06-08 18:23:57,005: On master: create schema if not exists "dbt_arecalde"
2017-06-08 18:23:57,021: SQL status: CREATE SCHEMA in 0.02 seconds
2017-06-08 18:23:57,021: On master: COMMIT
2017-06-08 18:23:58,062: Concurrency: 1 threads (target='dev')
2017-06-08 18:23:58,063: Using redshift connection "master".
2017-06-08 18:23:58,063: On master: BEGIN
2017-06-08 18:23:58,111: SQL status: BEGIN in 0.05 seconds
2017-06-08 18:23:58,111: Using redshift connection "master".
2017-06-08 18:23:58,111: On master: select tablename as name, 'table' as type from pg_tables
        where schemaname = 'dbt_arecalde'
        union all
        select viewname as name, 'view' as type from pg_views
        where schemaname = 'dbt_arecalde'
2017-06-08 18:23:58,154: SQL status: SELECT in 0.04 seconds
2017-06-08 18:23:58,154: On master: COMMIT
2017-06-08 18:23:58,172: 
2017-06-08 18:23:58,173: 18:23:58 | Running 10 ephemeral models
2017-06-08 18:23:58,173: 18:23:58 | 
2017-06-08 18:23:58,173: Using redshift connection "master".
2017-06-08 18:23:58,173: On master: BEGIN
2017-06-08 18:23:58,217: SQL status: BEGIN in 0.04 seconds
2017-06-08 18:23:58,217: On master: COMMIT
2017-06-08 18:23:58,233: Compiling model.shipstation.webhook_shipments
2017-06-08 18:23:58,234: Compiling model.shipstation.file_shipments_items
2017-06-08 18:23:58,235: Compiling model.shipstation.webhook_shipments_items
2017-06-08 18:23:58,235: Compiling model.shipstation.file_shipments
2017-06-08 18:23:58,236: Sending event: {'category': 'dbt', 'action': 'run_model', 'label': '424ac01a-c59b-4550-a6b7-5694f4023ef1', 'context': [<snowplow_tracker.self_describing_json.SelfDescribingJson object at 0x110b2d9e8>]}
2017-06-08 18:23:58,345: Sending event: {'category': 'dbt', 'action': 'run_model', 'label': '424ac01a-c59b-4550-a6b7-5694f4023ef1', 'context': [<snowplow_tracker.self_describing_json.SelfDescribingJson object at 0x110b2d9e8>]}
2017-06-08 18:23:58,452: Sending event: {'category': 'dbt', 'action': 'run_model', 'label': '424ac01a-c59b-4550-a6b7-5694f4023ef1', 'context': [<snowplow_tracker.self_describing_json.SelfDescribingJson object at 0x110b2d9e8>]}
2017-06-08 18:23:58,561: Sending event: {'category': 'dbt', 'action': 'run_model', 'label': '424ac01a-c59b-4550-a6b7-5694f4023ef1', 'context': [<snowplow_tracker.self_describing_json.SelfDescribingJson object at 0x110b2d9e8>]}
2017-06-08 18:23:58,670: Compiling model.shipstation.webhook_shipments_aggregates
2017-06-08 18:23:58,685: Compiling model.shipstation.file_shipments_aggregates
2017-06-08 18:23:58,688: Sending event: {'category': 'dbt', 'action': 'run_model', 'label': '424ac01a-c59b-4550-a6b7-5694f4023ef1', 'context': [<snowplow_tracker.self_describing_json.SelfDescribingJson object at 0x110b2db70>]}
2017-06-08 18:23:58,789: Sending event: {'category': 'dbt', 'action': 'run_model', 'label': '424ac01a-c59b-4550-a6b7-5694f4023ef1', 'context': [<snowplow_tracker.self_describing_json.SelfDescribingJson object at 0x110b2db70>]}
2017-06-08 18:23:58,891: Compiling model.shipstation.shipments
2017-06-08 18:23:58,908: Sending event: {'category': 'dbt', 'action': 'run_model', 'label': '424ac01a-c59b-4550-a6b7-5694f4023ef1', 'context': [<snowplow_tracker.self_describing_json.SelfDescribingJson object at 0x110b306a0>]}
2017-06-08 18:23:59,002: Compiling model.shipstation.shopify_shipments_aggregate
2017-06-08 18:23:59,023: Compiling model.shipstation.shipments_items
2017-06-08 18:23:59,035: Sending event: {'category': 'dbt', 'action': 'run_model', 'label': '424ac01a-c59b-4550-a6b7-5694f4023ef1', 'context': [<snowplow_tracker.self_describing_json.SelfDescribingJson object at 0x110b2dac8>]}
2017-06-08 18:23:59,163: Sending event: {'category': 'dbt', 'action': 'run_model', 'label': '424ac01a-c59b-4550-a6b7-5694f4023ef1', 'context': [<snowplow_tracker.self_describing_json.SelfDescribingJson object at 0x110aff9b0>]}
2017-06-08 18:23:59,282: Compiling model.shipstation.shopify_shipments_items_aggregate
2017-06-08 18:23:59,320: Sending event: {'category': 'dbt', 'action': 'run_model', 'label': '424ac01a-c59b-4550-a6b7-5694f4023ef1', 'context': [<snowplow_tracker.self_describing_json.SelfDescribingJson object at 0x110aff0b8>]}
2017-06-08 18:23:59,426: Using redshift connection "master".
2017-06-08 18:23:59,426: On master: BEGIN
2017-06-08 18:23:59,461: SQL status: BEGIN in 0.03 seconds
2017-06-08 18:23:59,461: On master: COMMIT
2017-06-08 18:23:59,476: 18:23:59 | 
2017-06-08 18:23:59,477: 18:23:59 | Finished running 10 ephemeral models in 1.30s.
2017-06-08 18:23:59,477: Connection 'master' was left open.
2017-06-08 18:23:59,477: Done. PASS=10 ERROR=0 SKIP=0 TOTAL=10
2017-06-08 18:23:59,478: Sending event: {'category': 'dbt', 'action': 'invocation', 'label': 'end', 'context': [<snowplow_tracker.self_describing_json.SelfDescribingJson object at 0x110a26710>, <snowplow_tracker.self_describing_json.SelfDescribingJson object at 0x110a26860>, <snowplow_tracker.self_describing_json.SelfDescribingJson object at 0x110a269e8>]}
2017-06-08 18:23:59,583: Flushing usage events
